Build started 21/12/2010 13:50:02.
     1>Project "C:\Users\Anxo\mangos\mangos_335\dep\recastnavigation\Detour\win\VC100\Detour.vcxproj" on node 3 (build target(s)).
     1>InitializeBuildStatus:
         Creating ".\Detour__x64_Release\Detour.unsuccessfulbuild" because "AlwaysCreate" was specified.
       ClCompile:
         C:\Program Files (x86)\Microsoft Visual Studio 10.0\VC\bin\x86_amd64\CL.exe /c /I..\..\include /Zi /nologo /W3 /WX- /O2 /Oi /Ot /D WIN32 /D NDEBUG /D _MBCS /D _MBCS /Gm- /EHsc /MD /GS /Gy /fp:precise /Zc:wchar_t /Zc:forScope /Fo".\Detour__x64_Release\\" /Fd".\Detour__x64_Release\vc100.pdb" /Gd /TP /errorReport:prompt ..\..\Source\DetourAlloc.cpp ..\..\Source\DetourCommon.cpp ..\..\Source\DetourNavMesh.cpp ..\..\Source\DetourNavMeshBuilder.cpp ..\..\Source\DetourNavMeshQuery.cpp ..\..\Source\DetourNode.cpp
         DetourAlloc.cpp
         DetourCommon.cpp
         DetourNavMesh.cpp
     1>..\..\Source\DetourNavMesh.cpp(1023): warning C4244: 'initializing' : conversion from '__int64' to 'const unsigned int', possible loss of data
     1>..\..\Source\DetourNavMesh.cpp(1030): warning C4244: 'initializing' : conversion from '__int64' to 'const unsigned int', possible loss of data
         DetourNavMeshBuilder.cpp
         DetourNavMeshQuery.cpp
         DetourNode.cpp
         Generating Code...
       Lib:
         C:\Program Files (x86)\Microsoft Visual Studio 10.0\VC\bin\x86_amd64\Lib.exe /OUT:"C:\Users\Anxo\mangos\mangos_335\dep\recastnavigation\Detour\win\VC100\\..\..\..\..\lib\x64_Release\Detour.lib" /NOLOGO .\Detour__x64_Release\DetourAlloc.obj
         .\Detour__x64_Release\DetourCommon.obj
         .\Detour__x64_Release\DetourNavMesh.obj
         .\Detour__x64_Release\DetourNavMeshBuilder.obj
         .\Detour__x64_Release\DetourNavMeshQuery.obj
         .\Detour__x64_Release\DetourNode.obj
         Detour.vcxproj -> C:\Users\Anxo\mangos\mangos_335\dep\recastnavigation\Detour\win\VC100\\..\..\..\..\lib\x64_Release\Detour.lib
       FinalizeBuildStatus:
         Deleting file ".\Detour__x64_Release\Detour.unsuccessfulbuild".
         Touching ".\Detour__x64_Release\Detour.lastbuildstate".
     1>Done Building Project "C:\Users\Anxo\mangos\mangos_335\dep\recastnavigation\Detour\win\VC100\Detour.vcxproj" (build target(s)).

Build succeeded.

Time Elapsed 00:00:03.27
